./hfmix0.6/04_08_212401.out:Pair    | 26.384     | 26.384     | 26.384     |   0.0 | 62.63
./hfmix0.6/04_08_212016.out:Pair    | 26.392     | 26.392     | 26.392     |   0.0 | 62.67
./hfmix0.6/04_08_212209.out:Pair    | 26.392     | 26.392     | 26.392     |   0.0 | 62.60
./hfmix0.6/04_08_212305.out:Pair    | 26.376     | 26.376     | 26.376     |   0.0 | 62.60
./hfmix0.6/04_08_212112.out:Pair    | 26.393     | 26.393     | 26.393     |   0.0 | 62.62

./hfmix0.5/04_08_211624.out:Pair    | 25.454     | 25.454     | 25.454     |   0.0 | 58.34
./hfmix0.5/04_08_211722.out:Pair    | 25.455     | 25.455     | 25.455     |   0.0 | 58.32
./hfmix0.5/04_08_211918.out:Pair    | 25.463     | 25.463     | 25.463     |   0.0 | 58.46
./hfmix0.5/04_08_211526.out:Pair    | 25.445     | 25.445     | 25.445     |   0.0 | 58.43
./hfmix0.5/04_08_211820.out:Pair    | 25.453     | 25.453     | 25.453     |   0.0 | 58.41

./hfmix0.7/04_08_212751.out:Pair    | 27.759     | 27.759     | 27.759     |   0.0 | 63.72
./hfmix0.7/04_08_212458.out:Pair    | 27.759     | 27.759     | 27.759     |   0.0 | 63.67
./hfmix0.7/04_08_212848.out:Pair    | 27.754     | 27.754     | 27.754     |   0.0 | 63.70
./hfmix0.7/04_08_212653.out:Pair    | 27.758     | 27.758     | 27.758     |   0.0 | 63.66
./hfmix0.7/04_08_212555.out:Pair    | 27.758     | 27.758     | 27.758     |   0.0 | 63.66

./hfmix0.3/04_08_210851.out:Pair    | 24.609     | 24.609     | 24.609     |   0.0 | 61.06
./hfmix0.3/04_08_210945.out:Pair    | 24.608     | 24.608     | 24.608     |   0.0 | 61.04
./hfmix0.3/04_08_210607.out:Pair    | 24.587     | 24.587     | 24.587     |   0.0 | 61.05
./hfmix0.3/04_08_210756.out:Pair    | 24.607     | 24.607     | 24.607     |   0.0 | 61.02
./hfmix0.3/04_08_210702.out:Pair    | 24.604     | 24.604     | 24.604     |   0.0 | 61.06

./hfmix0.9/04_08_213553.out:Pair    | 32.309     | 32.309     | 32.309     |   0.0 | 66.69
./hfmix0.9/04_08_213758.out:Pair    | 32.303     | 32.303     | 32.303     |   0.0 | 66.63
./hfmix0.9/04_08_213655.out:Pair    | 32.31      | 32.31      | 32.31      |   0.0 | 66.63
./hfmix0.9/04_08_213901.out:Pair    | 32.295     | 32.295     | 32.295     |   0.0 | 66.63
./hfmix0.9/04_08_213450.out:Pair    | 32.348     | 32.348     | 32.348     |   0.0 | 66.69

./hfmix0.8/04_08_213347.out:Pair    | 29.811     | 29.811     | 29.811     |   0.0 | 65.10
./hfmix0.8/04_08_213146.out:Pair    | 29.828     | 29.828     | 29.828     |   0.0 | 65.07
./hfmix0.8/04_08_213246.out:Pair    | 29.842     | 29.842     | 29.842     |   0.0 | 65.04
./hfmix0.8/04_08_212946.out:Pair    | 29.864     | 29.864     | 29.864     |   0.0 | 65.12
./hfmix0.8/04_08_213046.out:Pair    | 29.822     | 29.822     | 29.822     |   0.0 | 65.06

./hfmix0.2/04_08_210231.out:Pair    | 23.715     | 23.715     | 23.715     |   0.0 | 60.48
./hfmix0.2/04_08_210325.out:Pair    | 23.819     | 23.819     | 23.819     |   0.0 | 60.40
./hfmix0.2/04_08_210513.out:Pair    | 23.849     | 23.849     | 23.849     |   0.0 | 60.35
./hfmix0.2/04_08_210138.out:Pair    | 23.449     | 23.449     | 23.449     |   0.0 | 60.63
./hfmix0.2/04_08_210419.out:Pair    | 23.842     | 23.842     | 23.842     |   0.0 | 60.41
./hfmix0.4/04_08_211429.out:Pair    | 24.743     | 24.743     | 24.743     |   0.0 | 57.81
./hfmix0.4/04_08_211332.out:Pair    | 24.735     | 24.735     | 24.735     |   0.0 | 57.83
./hfmix0.4/04_08_211040.out:Pair    | 24.727     | 24.727     | 24.727     |   0.0 | 57.81
./hfmix0.4/04_08_211137.out:Pair    | 24.747     | 24.747     | 24.747     |   0.0 | 57.85
./hfmix0.4/04_08_211234.out:Pair    | 24.736     | 24.736     | 24.736     |   0.0 | 57.84
